<?xml version="1.0" encoding="UTF-8"?>
<!-- Generated by org.testng.reporters.JUnitReportReporter -->
<testsuite hostname="DESKTOP-KJ400B0" failures="0" tests="4" name="com.service.AccountServiceTest" time="0.449" errors="0" timestamp="2022-09-21T17:44:48 IST" skipped="3">
  <testcase classname="com.service.AccountServiceTest" name="depositeTest" time="0.449"/>
  <system-out/>
  <testcase classname="com.service.AccountServiceTest" name="createAccountTest">
    <skipped/>
  </testcase> <!-- createAccountTest -->
  <system-out/>
  <testcase classname="com.service.AccountServiceTest" name="withdrawTest">
    <skipped/>
  </testcase> <!-- withdrawTest -->
  <system-out/>
  <testcase classname="com.service.AccountServiceTest" name="findBalanceTest">
    <skipped/>
  </testcase> <!-- findBalanceTest -->
  <system-out/>
</testsuite> <!-- com.service.AccountServiceTest -->
