<?xml version="1.0" encoding="UTF-8"?>
<!-- Generated by org.testng.reporters.JUnitReportReporter -->
<testsuite hostname="DESKTOP-KJ400B0" failures="0" tests="1" name="com.testing.TestingHookMethods" time="0.006" errors="0" timestamp="2022-09-21T16:42:49 IST" skipped="0">
  <testcase classname="com.testing.TestingHookMethods" name="test1" time="0.006"/>
  <system-out/>
</testsuite> <!-- com.testing.TestingHookMethods -->
