<?xml version="1.0" encoding="UTF-8"?>
<!-- Generated by org.testng.reporters.JUnitReportReporter -->
<testsuite hostname="DESKTOP-KJ400B0" failures="0" tests="4" name="com.testing.OrderOfTestCases" time="0.009" errors="0" timestamp="2022-09-21T16:56:34 IST" skipped="0">
  <testcase classname="com.testing.OrderOfTestCases" name="d" time="0.006"/>
  <system-out/>
  <testcase classname="com.testing.OrderOfTestCases" name="c" time="0.001"/>
  <system-out/>
  <testcase classname="com.testing.OrderOfTestCases" name="b" time="0.001"/>
  <system-out/>
  <testcase classname="com.testing.OrderOfTestCases" name="a" time="0.001"/>
  <system-out/>
</testsuite> <!-- com.testing.OrderOfTestCases -->
