<?xml version="1.0" encoding="UTF-8"?>
<!-- Generated by org.testng.reporters.JUnitReportReporter -->
<testsuite hostname="DESKTOP-KJ400B0" failures="0" tests="1" name="com.testing.BikeTest" time="0.008" errors="0" timestamp="2022-09-21T17:33:40 IST" skipped="0">
  <testcase classname="com.testing.BikeTest" name="loanTest" time="0.008"/>
  <system-out/>
</testsuite> <!-- com.testing.BikeTest -->
