<?xml version="1.0" encoding="UTF-8"?>
<!-- Generated by org.testng.reporters.JUnitReportReporter -->
<testsuite hostname="DESKTOP-KJ400B0" failures="0" tests="1" name="com.testing.OperationTest" time="0.010" errors="0" timestamp="2022-09-20T17:38:28 IST" skipped="0">
  <testcase classname="com.testing.OperationTest" name="f" time="0.010"/>
  <system-out/>
</testsuite> <!-- com.testing.OperationTest -->
