<?xml version="1.0" encoding="UTF-8"?>
<!-- Generated by org.testng.reporters.JUnitReportReporter -->
<testsuite hostname="DESKTOP-KJ400B0" failures="0" tests="2" name="com.testing.OperationTest" time="0.008" errors="0" timestamp="2022-09-21T14:22:28 IST" skipped="0">
  <testcase classname="com.testing.OperationTest" name="testSub" time="0.001"/>
  <system-out/>
  <testcase classname="com.testing.OperationTest" name="testDiv" time="0.007"/>
  <system-out/>
</testsuite> <!-- com.testing.OperationTest -->
