<?xml version="1.0" encoding="UTF-8"?>
<!-- Generated by org.testng.reporters.JUnitReportReporter -->
<testsuite hostname="DESKTOP-KJ400B0" failures="0" tests="3" name="com.testing.IndexPageTesting" time="0.092" errors="0" timestamp="2022-09-22T17:18:52 IST" skipped="0">
  <testcase classname="com.testing.IndexPageTesting" name="pTagTest" time="0.045"/>
  <system-out/>
  <testcase classname="com.testing.IndexPageTesting" name="titleTagTest" time="0.009"/>
  <system-out/>
  <testcase classname="com.testing.IndexPageTesting" name="divTagTest" time="0.038"/>
  <system-out/>
</testsuite> <!-- com.testing.IndexPageTesting -->
