<?xml version="1.0" encoding="UTF-8"?>
<!-- Generated by org.testng.reporters.JUnitReportReporter -->
<testsuite hostname="DESKTOP-KJ400B0" failures="0" tests="1" name="com.testing.IndexPageTesting" time="0.350" errors="0" timestamp="2022-09-23T15:30:10 IST" skipped="0">
  <testcase classname="com.testing.IndexPageTesting" name="indexPageTesting" time="0.350"/>
  <system-out/>
</testsuite> <!-- com.testing.IndexPageTesting -->
